0 info it worked if it ends with ok
1 verbose cli [ '/home/shakib/.nvm/versions/node/v7.6.0/bin/node',
1 verbose cli   '/home/shakib/.nvm/versions/node/v7.6.0/bin/npm',
1 verbose cli   'start' ]
2 info using npm@4.1.2
3 info using node@v7.6.0
4 verbose run-script [ 'prestart', 'start', 'poststart' ]
5 info lifecycle soton-bot@0.0.1~prestart: soton-bot@0.0.1
6 silly lifecycle soton-bot@0.0.1~prestart: no script for prestart, continuing
7 info lifecycle soton-bot@0.0.1~start: soton-bot@0.0.1
8 verbose lifecycle soton-bot@0.0.1~start: unsafe-perm in lifecycle true
9 verbose lifecycle soton-bot@0.0.1~start: PATH: /home/shakib/.nvm/versions/node/v7.6.0/lib/node_modules/npm/bin/node-gyp-bin:/home/shakib/Desktop/soton-bot/node_modules/.bin:/home/shakib/Downloads/google-cloud-sdk/bin:/home/shakib/.nvm/versions/node/v7.6.0/bin:/opt/Protege-5.1.0:/home/shakib/bin:/usr/local/bin:/usr/local/sbin:/usr/local/bin:/usr/bin:/usr/lib/jvm/default/bin:/usr/bin/site_perl:/usr/bin/vendor_perl:/usr/bin/core_perl
10 verbose lifecycle soton-bot@0.0.1~start: CWD: /home/shakib/Desktop/soton-bot
11 silly lifecycle soton-bot@0.0.1~start: Args: [ '-c', 'nodemon index.js' ]
12 silly lifecycle soton-bot@0.0.1~start: Returned: code: 1  signal: null
13 info lifecycle soton-bot@0.0.1~start: Failed to exec start script
14 verbose stack Error: soton-bot@0.0.1 start: `nodemon index.js`
14 verbose stack Exit status 1
14 verbose stack     at EventEmitter.<anonymous> (/home/shakib/.nvm/versions/node/v7.6.0/lib/node_modules/npm/lib/utils/lifecycle.js:279:16)
14 verbose stack     at emitTwo (events.js:106:13)
14 verbose stack     at EventEmitter.emit (events.js:192:7)
14 verbose stack     at ChildProcess.<anonymous> (/home/shakib/.nvm/versions/node/v7.6.0/lib/node_modules/npm/lib/utils/spawn.js:40:14)
14 verbose stack     at emitTwo (events.js:106:13)
14 verbose stack     at ChildProcess.emit (events.js:192:7)
14 verbose stack     at maybeClose (internal/child_process.js:890:16)
14 verbose stack     at Process.ChildProcess._handle.onexit (internal/child_process.js:226:5)
15 verbose pkgid soton-bot@0.0.1
16 verbose cwd /home/shakib/Desktop/soton-bot
17 error Linux 4.4.63-1-MANJARO
18 error argv "/home/shakib/.nvm/versions/node/v7.6.0/bin/node" "/home/shakib/.nvm/versions/node/v7.6.0/bin/npm" "start"
19 error node v7.6.0
20 error npm  v4.1.2
21 error code ELIFECYCLE
22 error soton-bot@0.0.1 start: `nodemon index.js`
22 error Exit status 1
23 error Failed at the soton-bot@0.0.1 start script 'nodemon index.js'.
23 error Make sure you have the latest version of node.js and npm installed.
23 error If you do, this is most likely a problem with the soton-bot package,
23 error not with npm itself.
23 error Tell the author that this fails on your system:
23 error     nodemon index.js
23 error You can get information on how to open an issue for this project with:
23 error     npm bugs soton-bot
23 error Or if that isn't available, you can get their info via:
23 error     npm owner ls soton-bot
23 error There is likely additional logging output above.
24 verbose exit [ 1, true ]
